<?xml version="1.0" encoding="UTF-8"?>
<testsuite xmlns:xsi="http://www.w3.org/2001/XMLSchema-instance" xsi:noNamespaceSchemaLocation="https://maven.apache.org/surefire/maven-surefire-plugin/xsd/surefire-test-report.xsd" version="3.0.2" name="TestSuite" time="156.55" tests="8" errors="0" skipped="2" failures="0">
  <properties>
[...]
</properties>
  <testcase name="verifyCompletePurchase" classname="testcases.CompletePurchaseTest" time="36.463">
    <system-err><![CDATA[SLF4J(W): No SLF4J providers were found.
SLF4J(W): Defaulting to no-operation (NOP) logger implementation
SLF4J(W): See https://www.slf4j.org/codes.html#noProviders for further details.
2026-02-05T00:38:42.474239200Z main INFO Starting configuration XmlConfiguration[location=C:\Users\siree\Desktop\Java Learning\MobileV3\target\test-classes\log4j2.xml, lastModified=2025-11-17T22:22:34.578Z]...
2026-02-05T00:38:42.476271100Z main INFO Configuration XmlConfiguration[location=C:\Users\siree\Desktop\Java Learning\MobileV3\target\test-classes\log4j2.xml, lastModified=2025-11-17T22:22:34.578Z] started.
2026-02-05T00:38:42.478512200Z main INFO Stopping configuration org.apache.logging.log4j.core.config.DefaultConfiguration@6be968ce...
2026-02-05T00:38:42.478512200Z main INFO Configuration org.apache.logging.log4j.core.config.DefaultConfiguration@6be968ce stopped.
]]></system-err>
  </testcase>
  <testcase name="verifyTermsAndConditions" classname="testcases.TermsAndConditionsTest" time="21.837"/>
  <testcase name="verifyToastMessage" classname="testcases.ToastMessageTest" time="8.268"/>
  <testcase name="verifyLetsShop" classname="testcases.LetsShopTest" time="7.68"/>
  <testcase name="verifyLaunchApplicationTest" classname="testcases.LaunchApplicationTest" time="4.149"/>
  <testcase name="verifyProductsPage" classname="testcases.ShopSelectingCountryTest" time="10.447"/>
  <testcase name="verifyAddToCart" classname="testcases.AddToCartTest" time="0.0">
    <skipped message="Could not proxy command to the remote server. Original error: socket hang up&#10;Build info: version: &apos;4.40.0&apos;, revision: &apos;b3333f1&apos;&#10;System info: os.name: &apos;Windows 11&apos;, os.arch: &apos;amd64&apos;, os.version: &apos;10.0&apos;, java.version: &apos;17.0.4.1&apos;&#10;Driver info: io.appium.java_client.android.AndroidDriver&#10;Command: [ef9cab52-680f-4db8-82e4-7f6af4b21863, findElement {using=-android uiautomator, value=new UiScrollable(new UiSelector().scrollable(true)).scrollTextIntoView(&quot;Jordan 6 Rings&quot;)}]&#10;Capabilities {appium:app: .//Desktop/Java Learning/Mo..., appium:appActivity: com.androidsample.generalst..., appium:appPackage: com.androidsample.generalstore, appium:automationName: UIAutomator2, appium:chromedriverExecutable: C:\Users\siree\Desktop\Java..., appium:databaseEnabled: false, appium:desired: {app: .//Desktop/Java Learning/Mo..., automationName: UIAutomator2, chromedriverExecutable: C:\Users\siree\Desktop\Java..., deviceName: emulator-5554, platformName: ANDROID}, appium:deviceApiLevel: 36, appium:deviceManufacturer: Google, appium:deviceModel: sdk_gphone64_x86_64, appium:deviceName: emulator-5554, appium:deviceScreenDensity: 420, appium:deviceScreenSize: 1080x2424, appium:deviceUDID: emulator-5554, appium:javascriptEnabled: true, appium:locationContextEnabled: false, appium:networkConnectionEnabled: true, appium:pixelRatio: 2.625, appium:platformVersion: 16, appium:statBarHeight: 137, appium:takesScreenshot: true, appium:viewportRect: {height: 2287, left: 0, top: 137, width: 1080}, appium:warnings: {}, appium:webStorageEnabled: false, platformName: ANDROID}&#10;Session ID: ef9cab52-680f-4db8-82e4-7f6af4b21863"/>
  </testcase>
  <testcase name="verifyAddToCart" classname="testcases.AddToCartTest" time="0.0">
    <skipped message="&apos;POST /element&apos; cannot be proxied to UiAutomator2 server because the instrumentation process is not running (probably crashed). Check the server log and/or the logcat output for more details&#10;Build info: version: &apos;4.40.0&apos;, revision: &apos;b3333f1&apos;&#10;System info: os.name: &apos;Windows 11&apos;, os.arch: &apos;amd64&apos;, os.version: &apos;10.0&apos;, java.version: &apos;17.0.4.1&apos;&#10;Driver info: io.appium.java_client.android.AndroidDriver&#10;Command: [ef9cab52-680f-4db8-82e4-7f6af4b21863, findElement {using=-android uiautomator, value=new UiScrollable(new UiSelector().scrollable(true)).scrollTextIntoView(&quot;Argentina&quot;)}]&#10;Capabilities {appium:app: .//Desktop/Java Learning/Mo..., appium:appActivity: com.androidsample.generalst..., appium:appPackage: com.androidsample.generalstore, appium:automationName: UIAutomator2, appium:chromedriverExecutable: C:\Users\siree\Desktop\Java..., appium:databaseEnabled: false, appium:desired: {app: .//Desktop/Java Learning/Mo..., automationName: UIAutomator2, chromedriverExecutable: C:\Users\siree\Desktop\Java..., deviceName: emulator-5554, platformName: ANDROID}, appium:deviceApiLevel: 36, appium:deviceManufacturer: Google, appium:deviceModel: sdk_gphone64_x86_64, appium:deviceName: emulator-5554, appium:deviceScreenDensity: 420, appium:deviceScreenSize: 1080x2424, appium:deviceUDID: emulator-5554, appium:javascriptEnabled: true, appium:locationContextEnabled: false, appium:networkConnectionEnabled: true, appium:pixelRatio: 2.625, appium:platformVersion: 16, appium:statBarHeight: 137, appium:takesScreenshot: true, appium:viewportRect: {height: 2287, left: 0, top: 137, width: 1080}, appium:warnings: {}, appium:webStorageEnabled: false, platformName: ANDROID}&#10;Session ID: ef9cab52-680f-4db8-82e4-7f6af4b21863"/>
  </testcase>
</testsuite>