<?xml version="1.0" encoding="UTF-8"?>
<!-- Generated by org.testng.reporters.JUnitXMLReporter -->
<testsuite ignored="0" hostname="LAPTOP-9F4U6N0S" failures="0" tests="5" name="Pixel_9" time="112.533" errors="0" timestamp="2026-02-04T16:36:16 PST">
  <testcase classname="testcases.CompletePurchaseTest" name="verifyCompletePurchase" time="38.854"/>
  <testcase classname="testcases.TermsAndConditionsTest" name="verifyTermsAndConditions" time="24.001"/>
  <testcase classname="testcases.ToastMessageTest" name="verifyToastMessage" time="7.046"/>
  <testcase classname="testcases.LetsShopTest" name="verifyLetsShop" time="4.908">
    <skipped/>
  </testcase> <!-- verifyLetsShop -->
  <testcase classname="testcases.LetsShopTest" name="verifyLetsShop" time="0.029">
    <skipped/>
  </testcase> <!-- verifyLetsShop -->
</testsuite> <!-- Pixel_9 -->
