<?xml version="1.0" encoding="UTF-8"?>
<!-- Generated by org.testng.reporters.JUnitXMLReporter -->
<testsuite ignored="0" hostname="LAPTOP-9F4U6N0S" failures="0" tests="8" name="Pixel_9" time="155.228" errors="0" timestamp="2026-02-04T16:41:18 PST">
  <testcase classname="testcases.CompletePurchaseTest" name="verifyCompletePurchase" time="36.342"/>
  <testcase classname="testcases.TermsAndConditionsTest" name="verifyTermsAndConditions" time="21.825"/>
  <testcase classname="testcases.ToastMessageTest" name="verifyToastMessage" time="8.266"/>
  <testcase classname="testcases.LetsShopTest" name="verifyLetsShop" time="7.678"/>
  <testcase classname="testcases.LaunchApplicationTest" name="verifyLaunchApplicationTest" time="4.15"/>
  <testcase classname="testcases.ShopSelectingCountryTest" name="verifyProductsPage" time="10.448"/>
  <testcase classname="testcases.AddToCartTest" name="verifyAddToCart" time="13.169">
    <skipped/>
  </testcase> <!-- verifyAddToCart -->
  <testcase classname="testcases.AddToCartTest" name="verifyAddToCart" time="0.016">
    <skipped/>
  </testcase> <!-- verifyAddToCart -->
</testsuite> <!-- Pixel_9 -->
